This is pdfTeX, Version 3.141592653-2.6-1.40.22 (TeX Live 2022/dev/Debian) (preloaded format=pdflatex 2024.3.25)  17 JUL 2024 00:21
entering extended mode
 restricted \write18 enabled.
 file:line:error style messages enabled.
 %&-line parsing enabled.
**/home/lyokol/Scrivania/Complex_Network_Ising_Model/Latex/Notes.tex
(/home/lyokol/Scrivania/Complex_Network_Ising_Model/Latex/Notes.tex
LaTeX2e <2021-11-15> patch level 1
L3 programming layer <2022-01-21> (/usr/share/texlive/texmf-dist/tex/latex/base/article.cls
Document Class: article 2021/10/04 v1.4n Standard LaTeX document class
(/usr/share/texlive/texmf-dist/tex/latex/base/size11.clo
File: size11.clo 2021/10/04 v1.4n Standard LaTeX file (size option)
)
\c@part=\count185
\c@section=\count186
\c@subsection=\count187
\c@subsubsection=\count188
\c@paragraph=\count189
\c@subparagraph=\count190
\c@figure=\count191
\c@table=\count192
\abovecaptionskip=\skip47
\belowcaptionskip=\skip48
\bibindent=\dimen138
) (/usr/share/texlive/texmf-dist/tex/generic/babel/babel.sty
Package: babel 2022/01/26 3.70 The Babel package
\babel@savecnt=\count193
\U@D=\dimen139
\l@unhyphenated=\language87
 (/usr/share/texlive/texmf-dist/tex/generic/babel/txtbabel.def)
\bbl@readstream=\read2
\bbl@dirlevel=\count194
 (/usr/share/texlive/texmf-dist/tex/generic/babel-english/english.ldf
Language: english 2017/06/06 v3.3r English support from the babel system
Package babel Info: Hyphen rules for 'canadian' set to \l@english
(babel)             (\language0). Reported on input line 102.
Package babel Info: Hyphen rules for 'australian' set to \l@ukenglish
(babel)             (\language82). Reported on input line 105.
Package babel Info: Hyphen rules for 'newzealand' set to \l@ukenglish
(babel)             (\language82). Reported on input line 108.
)) (/usr/share/texlive/texmf-dist/tex/latex/graphics/graphicx.sty
Package: graphicx 2021/09/16 v1.2d Enhanced LaTeX Graphics (DPC,SPQR)
 (/usr/share/texlive/texmf-dist/tex/latex/graphics/keyval.sty
Package: keyval 2014/10/28 v1.15 key=value parser (DPC)
\KV@toks@=\toks16
) (/usr/share/texlive/texmf-dist/tex/latex/graphics/graphics.sty
Package: graphics 2021/03/04 v1.4d Standard LaTeX Graphics (DPC,SPQR)
 (/usr/share/texlive/texmf-dist/tex/latex/graphics/trig.sty
Package: trig 2021/08/11 v1.11 sin cos tan (DPC)
) (/usr/share/texlive/texmf-dist/tex/latex/graphics-cfg/graphics.cfg
File: graphics.cfg 2016/06/04 v1.11 sample graphics configuration
)
Package graphics Info: Driver file: pdftex.def on input line 107.
 (/usr/share/texlive/texmf-dist/tex/latex/graphics-def/pdftex.def
File: pdftex.def 2020/10/05 v1.2a Graphics/color driver for pdftex
))
\Gin@req@height=\dimen140
\Gin@req@width=\dimen141
) (/usr/share/texlive/texmf-dist/tex/latex/titlesec/titlesec.sty
Package: titlesec 2021/07/05 v2.14 Sectioning titles
\ttl@box=\box50
\beforetitleunit=\skip49
\aftertitleunit=\skip50
\ttl@plus=\dimen142
\ttl@minus=\dimen143
\ttl@toksa=\toks17
\titlewidth=\dimen144
\titlewidthlast=\dimen145
\titlewidthfirst=\dimen146
) (/usr/share/texlive/texmf-dist/tex/latex/pgf/frontendlayer/tikz.sty (/usr/share/texlive/texmf-dist/tex/latex/pgf/basiclayer/pgf.sty (/usr/share/texlive/texmf-dist/tex/latex/pgf/utilities/pgfrcs.sty (/usr/share/texlive/texmf-dist/tex/generic/pgf/utilities/pgfutil-common.tex
\pgfutil@everybye=\toks18
\pgfutil@tempdima=\dimen147
\pgfutil@tempdimb=\dimen148
 (/usr/share/texlive/texmf-dist/tex/generic/pgf/utilities/pgfutil-common-lists.tex)) (/usr/share/texlive/texmf-dist/tex/generic/pgf/utilities/pgfutil-latex.def
\pgfutil@abb=\box51
) (/usr/share/texlive/texmf-dist/tex/generic/pgf/utilities/pgfrcs.code.tex (/usr/share/texlive/texmf-dist/tex/generic/pgf/pgf.revision.tex)
Package: pgfrcs 2021/05/15 v3.1.9a (3.1.9a)
))
Package: pgf 2021/05/15 v3.1.9a (3.1.9a)
 (/usr/share/texlive/texmf-dist/tex/latex/pgf/basiclayer/pgfcore.sty (/usr/share/texlive/texmf-dist/tex/latex/pgf/systemlayer/pgfsys.sty (/usr/share/texlive/texmf-dist/tex/generic/pgf/systemlayer/pgfsys.code.tex
Package: pgfsys 2021/05/15 v3.1.9a (3.1.9a)
 (/usr/share/texlive/texmf-dist/tex/generic/pgf/utilities/pgfkeys.code.tex
\pgfkeys@pathtoks=\toks19
\pgfkeys@temptoks=\toks20
 (/usr/share/texlive/texmf-dist/tex/generic/pgf/utilities/pgfkeysfiltered.code.tex
\pgfkeys@tmptoks=\toks21
))
\pgf@x=\dimen149
\pgf@y=\dimen150
\pgf@xa=\dimen151
\pgf@ya=\dimen152
\pgf@xb=\dimen153
\pgf@yb=\dimen154
\pgf@xc=\dimen155
\pgf@yc=\dimen156
\pgf@xd=\dimen157
\pgf@yd=\dimen158
\w@pgf@writea=\write3
\r@pgf@reada=\read3
\c@pgf@counta=\count195
\c@pgf@countb=\count196
\c@pgf@countc=\count197
\c@pgf@countd=\count198
\t@pgf@toka=\toks22
\t@pgf@tokb=\toks23
\t@pgf@tokc=\toks24
\pgf@sys@id@count=\count199
 (/usr/share/texlive/texmf-dist/tex/generic/pgf/systemlayer/pgf.cfg
File: pgf.cfg 2021/05/15 v3.1.9a (3.1.9a)
)
Driver file for pgf: pgfsys-pdftex.def
 (/usr/share/texlive/texmf-dist/tex/generic/pgf/systemlayer/pgfsys-pdftex.def
File: pgfsys-pdftex.def 2021/05/15 v3.1.9a (3.1.9a)
 (/usr/share/texlive/texmf-dist/tex/generic/pgf/systemlayer/pgfsys-common-pdf.def
File: pgfsys-common-pdf.def 2021/05/15 v3.1.9a (3.1.9a)
))) (/usr/share/texlive/texmf-dist/tex/generic/pgf/systemlayer/pgfsyssoftpath.code.tex
File: pgfsyssoftpath.code.tex 2021/05/15 v3.1.9a (3.1.9a)
\pgfsyssoftpath@smallbuffer@items=\count266
\pgfsyssoftpath@bigbuffer@items=\count267
) (/usr/share/texlive/texmf-dist/tex/generic/pgf/systemlayer/pgfsysprotocol.code.tex
File: pgfsysprotocol.code.tex 2021/05/15 v3.1.9a (3.1.9a)
)) (/usr/share/texlive/texmf-dist/tex/latex/xcolor/xcolor.sty
Package: xcolor 2021/10/31 v2.13 LaTeX color extensions (UK)
 (/usr/share/texlive/texmf-dist/tex/latex/graphics-cfg/color.cfg
File: color.cfg 2016/01/02 v1.6 sample color configuration
)
Package xcolor Info: Driver file: pdftex.def on input line 227.
Package xcolor Info: Model `cmy' substituted by `cmy0' on input line 1352.
Package xcolor Info: Model `hsb' substituted by `rgb' on input line 1356.
Package xcolor Info: Model `RGB' extended on input line 1368.
Package xcolor Info: Model `HTML' substituted by `rgb' on input line 1370.
Package xcolor Info: Model `Hsb' substituted by `hsb' on input line 1371.
Package xcolor Info: Model `tHsb' substituted by `hsb' on input line 1372.
Package xcolor Info: Model `HSB' substituted by `hsb' on input line 1373.
Package xcolor Info: Model `Gray' substituted by `gray' on input line 1374.
Package xcolor Info: Model `wave' substituted by `hsb' on input line 1375.
) (/usr/share/texlive/texmf-dist/tex/generic/pgf/basiclayer/pgfcore.code.tex
Package: pgfcore 2021/05/15 v3.1.9a (3.1.9a)
 (/usr/share/texlive/texmf-dist/tex/generic/pgf/math/pgfmath.code.tex (/usr/share/texlive/texmf-dist/tex/generic/pgf/math/pgfmathcalc.code.tex (/usr/share/texlive/texmf-dist/tex/generic/pgf/math/pgfmathutil.code.tex) (/usr/share/texlive/texmf-dist/tex/generic/pgf/math/pgfmathparser.code.tex
\pgfmath@dimen=\dimen159
\pgfmath@count=\count268
\pgfmath@box=\box52
\pgfmath@toks=\toks25
\pgfmath@stack@operand=\toks26
\pgfmath@stack@operation=\toks27
) (/usr/share/texlive/texmf-dist/tex/generic/pgf/math/pgfmathfunctions.code.tex (/usr/share/texlive/texmf-dist/tex/generic/pgf/math/pgfmathfunctions.basic.code.tex) (/usr/share/texlive/texmf-dist/tex/generic/pgf/math/pgfmathfunctions.trigonometric.code.tex) (/usr/share/texlive/texmf-dist/tex/generic/pgf/math/pgfmathfunctions.random.code.tex) (/usr/share/texlive/texmf-dist/tex/generic/pgf/math/pgfmathfunctions.comparison.code.tex) (/usr/share/texlive/texmf-dist/tex/generic/pgf/math/pgfmathfunctions.base.code.tex) (/usr/share/texlive/texmf-dist/tex/generic/pgf/math/pgfmathfunctions.round.code.tex) (/usr/share/texlive/texmf-dist/tex/generic/pgf/math/pgfmathfunctions.misc.code.tex) (/usr/share/texlive/texmf-dist/tex/generic/pgf/math/pgfmathfunctions.integerarithmetics.code.tex))) (/usr/share/texlive/texmf-dist/tex/generic/pgf/math/pgfmathfloat.code.tex
\c@pgfmathroundto@lastzeros=\count269
)) (/usr/share/texlive/texmf-dist/tex/generic/pgf/math/pgfint.code.tex) (/usr/share/texlive/texmf-dist/tex/generic/pgf/basiclayer/pgfcorepoints.code.tex
File: pgfcorepoints.code.tex 2021/05/15 v3.1.9a (3.1.9a)
\pgf@picminx=\dimen160
\pgf@picmaxx=\dimen161
\pgf@picminy=\dimen162
\pgf@picmaxy=\dimen163
\pgf@pathminx=\dimen164
\pgf@pathmaxx=\dimen165
\pgf@pathminy=\dimen166
\pgf@pathmaxy=\dimen167
\pgf@xx=\dimen168
\pgf@xy=\dimen169
\pgf@yx=\dimen170
\pgf@yy=\dimen171
\pgf@zx=\dimen172
\pgf@zy=\dimen173
) (/usr/share/texlive/texmf-dist/tex/generic/pgf/basiclayer/pgfcorepathconstruct.code.tex
File: pgfcorepathconstruct.code.tex 2021/05/15 v3.1.9a (3.1.9a)
\pgf@path@lastx=\dimen174
\pgf@path@lasty=\dimen175
) (/usr/share/texlive/texmf-dist/tex/generic/pgf/basiclayer/pgfcorepathusage.code.tex
File: pgfcorepathusage.code.tex 2021/05/15 v3.1.9a (3.1.9a)
\pgf@shorten@end@additional=\dimen176
\pgf@shorten@start@additional=\dimen177
) (/usr/share/texlive/texmf-dist/tex/generic/pgf/basiclayer/pgfcorescopes.code.tex
File: pgfcorescopes.code.tex 2021/05/15 v3.1.9a (3.1.9a)
\pgfpic=\box53
\pgf@hbox=\box54
\pgf@layerbox@main=\box55
\pgf@picture@serial@count=\count270
) (/usr/share/texlive/texmf-dist/tex/generic/pgf/basiclayer/pgfcoregraphicstate.code.tex
File: pgfcoregraphicstate.code.tex 2021/05/15 v3.1.9a (3.1.9a)
\pgflinewidth=\dimen178
) (/usr/share/texlive/texmf-dist/tex/generic/pgf/basiclayer/pgfcoretransformations.code.tex
File: pgfcoretransformations.code.tex 2021/05/15 v3.1.9a (3.1.9a)
\pgf@pt@x=\dimen179
\pgf@pt@y=\dimen180
\pgf@pt@temp=\dimen181
) (/usr/share/texlive/texmf-dist/tex/generic/pgf/basiclayer/pgfcorequick.code.tex
File: pgfcorequick.code.tex 2021/05/15 v3.1.9a (3.1.9a)
) (/usr/share/texlive/texmf-dist/tex/generic/pgf/basiclayer/pgfcoreobjects.code.tex
File: pgfcoreobjects.code.tex 2021/05/15 v3.1.9a (3.1.9a)
) (/usr/share/texlive/texmf-dist/tex/generic/pgf/basiclayer/pgfcorepathprocessing.code.tex
File: pgfcorepathprocessing.code.tex 2021/05/15 v3.1.9a (3.1.9a)
) (/usr/share/texlive/texmf-dist/tex/generic/pgf/basiclayer/pgfcorearrows.code.tex
File: pgfcorearrows.code.tex 2021/05/15 v3.1.9a (3.1.9a)
\pgfarrowsep=\dimen182
) (/usr/share/texlive/texmf-dist/tex/generic/pgf/basiclayer/pgfcoreshade.code.tex
File: pgfcoreshade.code.tex 2021/05/15 v3.1.9a (3.1.9a)
\pgf@max=\dimen183
\pgf@sys@shading@range@num=\count271
\pgf@shadingcount=\count272
) (/usr/share/texlive/texmf-dist/tex/generic/pgf/basiclayer/pgfcoreimage.code.tex
File: pgfcoreimage.code.tex 2021/05/15 v3.1.9a (3.1.9a)
 (/usr/share/texlive/texmf-dist/tex/generic/pgf/basiclayer/pgfcoreexternal.code.tex
File: pgfcoreexternal.code.tex 2021/05/15 v3.1.9a (3.1.9a)
\pgfexternal@startupbox=\box56
)) (/usr/share/texlive/texmf-dist/tex/generic/pgf/basiclayer/pgfcorelayers.code.tex
File: pgfcorelayers.code.tex 2021/05/15 v3.1.9a (3.1.9a)
) (/usr/share/texlive/texmf-dist/tex/generic/pgf/basiclayer/pgfcoretransparency.code.tex
File: pgfcoretransparency.code.tex 2021/05/15 v3.1.9a (3.1.9a)
) (/usr/share/texlive/texmf-dist/tex/generic/pgf/basiclayer/pgfcorepatterns.code.tex
File: pgfcorepatterns.code.tex 2021/05/15 v3.1.9a (3.1.9a)
) (/usr/share/texlive/texmf-dist/tex/generic/pgf/basiclayer/pgfcorerdf.code.tex
File: pgfcorerdf.code.tex 2021/05/15 v3.1.9a (3.1.9a)
))) (/usr/share/texlive/texmf-dist/tex/generic/pgf/modules/pgfmoduleshapes.code.tex
File: pgfmoduleshapes.code.tex 2021/05/15 v3.1.9a (3.1.9a)
\pgfnodeparttextbox=\box57
) (/usr/share/texlive/texmf-dist/tex/generic/pgf/modules/pgfmoduleplot.code.tex
File: pgfmoduleplot.code.tex 2021/05/15 v3.1.9a (3.1.9a)
) (/usr/share/texlive/texmf-dist/tex/latex/pgf/compatibility/pgfcomp-version-0-65.sty
Package: pgfcomp-version-0-65 2021/05/15 v3.1.9a (3.1.9a)
\pgf@nodesepstart=\dimen184
\pgf@nodesepend=\dimen185
) (/usr/share/texlive/texmf-dist/tex/latex/pgf/compatibility/pgfcomp-version-1-18.sty
Package: pgfcomp-version-1-18 2021/05/15 v3.1.9a (3.1.9a)
)) (/usr/share/texlive/texmf-dist/tex/latex/pgf/utilities/pgffor.sty (/usr/share/texlive/texmf-dist/tex/latex/pgf/utilities/pgfkeys.sty (/usr/share/texlive/texmf-dist/tex/generic/pgf/utilities/pgfkeys.code.tex)) (/usr/share/texlive/texmf-dist/tex/latex/pgf/math/pgfmath.sty (/usr/share/texlive/texmf-dist/tex/generic/pgf/math/pgfmath.code.tex)) (/usr/share/texlive/texmf-dist/tex/generic/pgf/utilities/pgffor.code.tex
Package: pgffor 2021/05/15 v3.1.9a (3.1.9a)
 (/usr/share/texlive/texmf-dist/tex/generic/pgf/math/pgfmath.code.tex)
\pgffor@iter=\dimen186
\pgffor@skip=\dimen187
\pgffor@stack=\toks28
\pgffor@toks=\toks29
)) (/usr/share/texlive/texmf-dist/tex/generic/pgf/frontendlayer/tikz/tikz.code.tex
Package: tikz 2021/05/15 v3.1.9a (3.1.9a)
 (/usr/share/texlive/texmf-dist/tex/generic/pgf/libraries/pgflibraryplothandlers.code.tex
File: pgflibraryplothandlers.code.tex 2021/05/15 v3.1.9a (3.1.9a)
\pgf@plot@mark@count=\count273
\pgfplotmarksize=\dimen188
)
\tikz@lastx=\dimen189
\tikz@lasty=\dimen190
\tikz@lastxsaved=\dimen191
\tikz@lastysaved=\dimen192
\tikz@lastmovetox=\dimen193
\tikz@lastmovetoy=\dimen194
\tikzleveldistance=\dimen195
\tikzsiblingdistance=\dimen196
\tikz@figbox=\box58
\tikz@figbox@bg=\box59
\tikz@tempbox=\box60
\tikz@tempbox@bg=\box61
\tikztreelevel=\count274
\tikznumberofchildren=\count275
\tikznumberofcurrentchild=\count276
\tikz@fig@count=\count277
 (/usr/share/texlive/texmf-dist/tex/generic/pgf/modules/pgfmodulematrix.code.tex
File: pgfmodulematrix.code.tex 2021/05/15 v3.1.9a (3.1.9a)
\pgfmatrixcurrentrow=\count278
\pgfmatrixcurrentcolumn=\count279
\pgf@matrix@numberofcolumns=\count280
)
\tikz@expandcount=\count281
 (/usr/share/texlive/texmf-dist/tex/generic/pgf/frontendlayer/tikz/libraries/tikzlibrarytopaths.code.tex
File: tikzlibrarytopaths.code.tex 2021/05/15 v3.1.9a (3.1.9a)
))) (/usr/share/texlive/texmf-dist/tex/latex/pgfplots/pgfplots.sty (/usr/share/texlive/texmf-dist/tex/generic/pgfplots/pgfplots.revision.tex)
Package: pgfplots 2021/05/15 v1.18.1 Data Visualization (1.18.1)
 (/usr/share/texlive/texmf-dist/tex/generic/pgfplots/pgfplots.code.tex (/usr/share/texlive/texmf-dist/tex/generic/pgfplots/pgfplotscore.code.tex
\t@pgfplots@toka=\toks30
\t@pgfplots@tokb=\toks31
\t@pgfplots@tokc=\toks32
\pgfplots@tmpa=\dimen197
\c@pgfplots@coordindex=\count282
\c@pgfplots@scanlineindex=\count283
 (/usr/share/texlive/texmf-dist/tex/generic/pgfplots/sys/pgfplotssysgeneric.code.tex)) (/usr/share/texlive/texmf-dist/tex/generic/pgfplots/libs/pgfplotslibrary.code.tex) (/usr/share/texlive/texmf-dist/tex/generic/pgfplots/oldpgfcompatib/pgfplotsoldpgfsupp_loader.code.tex (/usr/share/texlive/texmf-dist/tex/generic/pgf/libraries/pgflibraryfpu.code.tex)) (/usr/share/texlive/texmf-dist/tex/generic/pgfplots/util/pgfplotsutil.code.tex (/usr/share/texlive/texmf-dist/tex/generic/pgfplots/liststructure/pgfplotsliststructure.code.tex) (/usr/share/texlive/texmf-dist/tex/generic/pgfplots/liststructure/pgfplotsliststructureext.code.tex) (/usr/share/texlive/texmf-dist/tex/generic/pgfplots/liststructure/pgfplotsarray.code.tex
\c@pgfplotsarray@tmp=\count284
) (/usr/share/texlive/texmf-dist/tex/generic/pgfplots/liststructure/pgfplotsmatrix.code.tex) (/usr/share/texlive/texmf-dist/tex/generic/pgfplots/numtable/pgfplotstableshared.code.tex
\c@pgfplotstable@counta=\count285
\t@pgfplotstable@a=\toks33
) (/usr/share/texlive/texmf-dist/tex/generic/pgfplots/liststructure/pgfplotsdeque.code.tex) (/usr/share/texlive/texmf-dist/tex/generic/pgfplots/util/pgfplotsbinary.code.tex (/usr/share/texlive/texmf-dist/tex/generic/pgfplots/util/pgfplotsbinary.data.code.tex)) (/usr/share/texlive/texmf-dist/tex/generic/pgfplots/util/pgfplotsutil.verb.code.tex) (/usr/share/texlive/texmf-dist/tex/generic/pgfplots/libs/pgflibrarypgfplots.surfshading.code.tex
\c@pgfplotslibrarysurf@no=\count286
 (/usr/share/texlive/texmf-dist/tex/generic/pgfplots/sys/pgflibrarypgfplots.surfshading.pgfsys-pdftex.def))) (/usr/share/texlive/texmf-dist/tex/generic/pgfplots/util/pgfplotscolormap.code.tex (/usr/share/texlive/texmf-dist/tex/generic/pgfplots/util/pgfplotscolor.code.tex)) (/usr/share/texlive/texmf-dist/tex/generic/pgfplots/pgfplotsstackedplots.code.tex) (/usr/share/texlive/texmf-dist/tex/generic/pgfplots/pgfplotsplothandlers.code.tex (/usr/share/texlive/texmf-dist/tex/generic/pgfplots/pgfplotsmeshplothandler.code.tex (/usr/share/texlive/texmf-dist/tex/generic/pgfplots/pgfplotsmeshplotimage.code.tex))) (/usr/share/texlive/texmf-dist/tex/generic/pgfplots/pgfplots.scaling.code.tex) (/usr/share/texlive/texmf-dist/tex/generic/pgfplots/pgfplotscoordprocessing.code.tex) (/usr/share/texlive/texmf-dist/tex/generic/pgfplots/pgfplots.errorbars.code.tex) (/usr/share/texlive/texmf-dist/tex/generic/pgfplots/pgfplots.markers.code.tex) (/usr/share/texlive/texmf-dist/tex/generic/pgfplots/pgfplotsticks.code.tex) (/usr/share/texlive/texmf-dist/tex/generic/pgfplots/pgfplots.paths.code.tex) (/usr/share/texlive/texmf-dist/tex/generic/pgf/frontendlayer/tikz/libraries/tikzlibrarydecorations.code.tex (/usr/share/texlive/texmf-dist/tex/generic/pgf/modules/pgfmoduledecorations.code.tex
\pgfdecoratedcompleteddistance=\dimen198
\pgfdecoratedremainingdistance=\dimen199
\pgfdecoratedinputsegmentcompleteddistance=\dimen256
\pgfdecoratedinputsegmentremainingdistance=\dimen257
\pgf@decorate@distancetomove=\dimen258
\pgf@decorate@repeatstate=\count287
\pgfdecorationsegmentamplitude=\dimen259
\pgfdecorationsegmentlength=\dimen260
)
\tikz@lib@dec@box=\box62
) (/usr/share/texlive/texmf-dist/tex/generic/pgf/frontendlayer/tikz/libraries/tikzlibrarydecorations.pathmorphing.code.tex (/usr/share/texlive/texmf-dist/tex/generic/pgf/libraries/decorations/pgflibrarydecorations.pathmorphing.code.tex)) (/usr/share/texlive/texmf-dist/tex/generic/pgf/frontendlayer/tikz/libraries/tikzlibrarydecorations.pathreplacing.code.tex (/usr/share/texlive/texmf-dist/tex/generic/pgf/libraries/decorations/pgflibrarydecorations.pathreplacing.code.tex)) (/usr/share/texlive/texmf-dist/tex/generic/pgfplots/libs/tikzlibrarypgfplots.contourlua.code.tex)
\pgfplots@numplots=\count288
\pgfplots@xmin@reg=\dimen261
\pgfplots@xmax@reg=\dimen262
\pgfplots@ymin@reg=\dimen263
\pgfplots@ymax@reg=\dimen264
\pgfplots@zmin@reg=\dimen265
\pgfplots@zmax@reg=\dimen266
) (/usr/share/texlive/texmf-dist/tex/generic/pgf/frontendlayer/tikz/libraries/tikzlibraryplotmarks.code.tex
File: tikzlibraryplotmarks.code.tex 2021/05/15 v3.1.9a (3.1.9a)
 (/usr/share/texlive/texmf-dist/tex/generic/pgf/libraries/pgflibraryplotmarks.code.tex
File: pgflibraryplotmarks.code.tex 2021/05/15 v3.1.9a (3.1.9a)
))) (/usr/share/texlive/texmf-dist/tex/latex/hyphenat/hyphenat.sty
Package: hyphenat 2009/09/02 v2.3c hyphenation utilities
\langwohyphens=\language88
LaTeX Info: Redefining \_ on input line 43.
) (/usr/share/texlive/texmf-dist/tex/latex/hyperref/hyperref.sty
Package: hyperref 2021-06-07 v7.00m Hypertext links for LaTeX
 (/usr/share/texlive/texmf-dist/tex/generic/ltxcmds/ltxcmds.sty
Package: ltxcmds 2020-05-10 v1.25 LaTeX kernel commands for general use (HO)
) (/usr/share/texlive/texmf-dist/tex/generic/iftex/iftex.sty
Package: iftex 2020/03/06 v1.0d TeX engine tests
)
(/usr/share/texlive/texmf-dist/tex/generic/pdftexcmds/pdftexcmds.sty
Package: pdftexcmds 2020-06-27 v0.33 Utility functions of pdfTeX for LuaTeX (HO)
 (/usr/share/texlive/texmf-dist/tex/generic/infwarerr/infwarerr.sty
Package: infwarerr 2019/12/03 v1.5 Providing info/warning/error messages (HO)
)
Package pdftexcmds Info: \pdf@primitive is available.
Package pdftexcmds Info: \pdf@ifprimitive is available.
Package pdftexcmds Info: \pdfdraftmode found.
) (/usr/share/texlive/texmf-dist/tex/generic/kvsetkeys/kvsetkeys.sty
Package: kvsetkeys 2019/12/15 v1.18 Key value parser (HO)
) (/usr/share/texlive/texmf-dist/tex/generic/kvdefinekeys/kvdefinekeys.sty
Package: kvdefinekeys 2019-12-19 v1.6 Define keys (HO)
) (/usr/share/texlive/texmf-dist/tex/generic/pdfescape/pdfescape.sty
Package: pdfescape 2019/12/09 v1.15 Implements pdfTeX's escape features (HO)
) (/usr/share/texlive/texmf-dist/tex/latex/hycolor/hycolor.sty
Package: hycolor 2020-01-27 v1.10 Color options for hyperref/bookmark (HO)
) (/usr/share/texlive/texmf-dist/tex/latex/letltxmacro/letltxmacro.sty
Package: letltxmacro 2019/12/03 v1.6 Let assignment for LaTeX macros (HO)
) (/usr/share/texlive/texmf-dist/tex/latex/auxhook/auxhook.sty
Package: auxhook 2019-12-17 v1.6 Hooks for auxiliary files (HO)
) (/usr/share/texlive/texmf-dist/tex/latex/kvoptions/kvoptions.sty
Package: kvoptions 2020-10-07 v3.14 Key value format for package options (HO)
)
\@linkdim=\dimen267
\Hy@linkcounter=\count289
\Hy@pagecounter=\count290
 (/usr/share/texlive/texmf-dist/tex/latex/hyperref/pd1enc.def
File: pd1enc.def 2021-06-07 v7.00m Hyperref: PDFDocEncoding definition (HO)
Now handling font encoding PD1 ...
... no UTF-8 mapping file for font encoding PD1
) (/usr/share/texlive/texmf-dist/tex/latex/hyperref/hyperref-langpatches.def
File: hyperref-langpatches.def 2021-06-07 v7.00m Hyperref: patches for babel languages
) (/usr/share/texlive/texmf-dist/tex/generic/intcalc/intcalc.sty
Package: intcalc 2019/12/15 v1.3 Expandable calculations with integers (HO)
) (/usr/share/texlive/texmf-dist/tex/generic/etexcmds/etexcmds.sty
Package: etexcmds 2019/12/15 v1.7 Avoid name clashes with e-TeX commands (HO)
)
\Hy@SavedSpaceFactor=\count291
 (/usr/share/texlive/texmf-dist/tex/latex/hyperref/puenc.def
File: puenc.def 2021-06-07 v7.00m Hyperref: PDF Unicode definition (HO)
Now handling font encoding PU ...
... no UTF-8 mapping file for font encoding PU
)
Package hyperref Info: Hyper figures OFF on input line 4192.
Package hyperref Info: Link nesting OFF on input line 4197.
Package hyperref Info: Hyper index ON on input line 4200.
Package hyperref Info: Plain pages OFF on input line 4207.
Package hyperref Info: Backreferencing OFF on input line 4212.
Package hyperref Info: Implicit mode ON; LaTeX internals redefined.
Package hyperref Info: Bookmarks ON on input line 4445.
\c@Hy@tempcnt=\count292
 (/usr/share/texlive/texmf-dist/tex/latex/url/url.sty
\Urlmuskip=\muskip16
Package: url 2013/09/16  ver 3.4  Verb mode for urls, etc.
)
LaTeX Info: Redefining \url on input line 4804.
\XeTeXLinkMargin=\dimen268
 (/usr/share/texlive/texmf-dist/tex/generic/bitset/bitset.sty
Package: bitset 2019/12/09 v1.3 Handle bit-vector datatype (HO)
 (/usr/share/texlive/texmf-dist/tex/generic/bigintcalc/bigintcalc.sty
Package: bigintcalc 2019/12/15 v1.5 Expandable calculations on big integers (HO)
))
\Fld@menulength=\count293
\Field@Width=\dimen269
\Fld@charsize=\dimen270
Package hyperref Info: Hyper figures OFF on input line 6076.
Package hyperref Info: Link nesting OFF on input line 6081.
Package hyperref Info: Hyper index ON on input line 6084.
Package hyperref Info: backreferencing OFF on input line 6091.
Package hyperref Info: Link coloring OFF on input line 6096.
Package hyperref Info: Link coloring with OCG OFF on input line 6101.
Package hyperref Info: PDF/A mode OFF on input line 6106.
LaTeX Info: Redefining \ref on input line 6146.
LaTeX Info: Redefining \pageref on input line 6150.
 (/usr/share/texlive/texmf-dist/tex/latex/base/atbegshi-ltx.sty
Package: atbegshi-ltx 2021/01/10 v1.0c Emulation of the original atbegshi
package with kernel methods
)
\Hy@abspage=\count294
\c@Item=\count295
\c@Hfootnote=\count296
)
Package hyperref Info: Driver (autodetected): hpdftex.
 (/usr/share/texlive/texmf-dist/tex/latex/hyperref/hpdftex.def
File: hpdftex.def 2021-06-07 v7.00m Hyperref driver for pdfTeX
 (/usr/share/texlive/texmf-dist/tex/latex/base/atveryend-ltx.sty
Package: atveryend-ltx 2020/08/19 v1.0a Emulation of the original atveryend package
with kernel methods
)
\Fld@listcount=\count297
\c@bookmark@seq@number=\count298
 (/usr/share/texlive/texmf-dist/tex/latex/rerunfilecheck/rerunfilecheck.sty
Package: rerunfilecheck 2019/12/05 v1.9 Rerun checks for auxiliary files (HO)
 (/usr/share/texlive/texmf-dist/tex/generic/uniquecounter/uniquecounter.sty
Package: uniquecounter 2019/12/15 v1.4 Provide unlimited unique counter (HO)
)
Package uniquecounter Info: New unique counter `rerunfilecheck' on input line 286.
)
\Hy@SectionHShift=\skip51
) (/usr/share/texlive/texmf-dist/tex/latex/amsfonts/amssymb.sty
Package: amssymb 2013/01/14 v3.01 AMS font symbols
 (/usr/share/texlive/texmf-dist/tex/latex/amsfonts/amsfonts.sty
Package: amsfonts 2013/01/14 v3.01 Basic AMSFonts support
\@emptytoks=\toks34
\symAMSa=\mathgroup4
\symAMSb=\mathgroup5
LaTeX Font Info:    Redeclaring math symbol \hbar on input line 98.
LaTeX Font Info:    Overwriting math alphabet `\mathfrak' in version `bold'
(Font)                  U/euf/m/n --> U/euf/b/n on input line 106.
)) (/usr/share/texlive/texmf-dist/tex/latex/amsmath/amsmath.sty
Package: amsmath 2021/10/15 v2.17l AMS math features
\@mathmargin=\skip52

For additional information on amsmath, use the `?' option.
(/usr/share/texlive/texmf-dist/tex/latex/amsmath/amstext.sty
Package: amstext 2021/08/26 v2.01 AMS text
 (/usr/share/texlive/texmf-dist/tex/latex/amsmath/amsgen.sty
File: amsgen.sty 1999/11/30 v2.0 generic functions
\@emptytoks=\toks35
\ex@=\dimen271
)) (/usr/share/texlive/texmf-dist/tex/latex/amsmath/amsbsy.sty
Package: amsbsy 1999/11/29 v1.2d Bold Symbols
\pmbraise@=\dimen272
) (/usr/share/texlive/texmf-dist/tex/latex/amsmath/amsopn.sty
Package: amsopn 2021/08/26 v2.02 operator names
)
\inf@bad=\count299
LaTeX Info: Redefining \frac on input line 234.
\uproot@=\count300
\leftroot@=\count301
LaTeX Info: Redefining \overline on input line 399.
\classnum@=\count302
\DOTSCASE@=\count303
LaTeX Info: Redefining \ldots on input line 496.
LaTeX Info: Redefining \dots on input line 499.
LaTeX Info: Redefining \cdots on input line 620.
\Mathstrutbox@=\box63
\strutbox@=\box64
\big@size=\dimen273
LaTeX Font Info:    Redeclaring font encoding OML on input line 743.
LaTeX Font Info:    Redeclaring font encoding OMS on input line 744.
\macc@depth=\count304
\c@MaxMatrixCols=\count305
\dotsspace@=\muskip17
\c@parentequation=\count306
\dspbrk@lvl=\count307
\tag@help=\toks36
\row@=\count308
\column@=\count309
\maxfields@=\count310
\andhelp@=\toks37
\eqnshift@=\dimen274
\alignsep@=\dimen275
\tagshift@=\dimen276
\tagwidth@=\dimen277
\totwidth@=\dimen278
\lineht@=\dimen279
\@envbody=\toks38
\multlinegap=\skip53
\multlinetaggap=\skip54
\mathdisplay@stack=\toks39
LaTeX Info: Redefining \[ on input line 2938.
LaTeX Info: Redefining \] on input line 2939.
) (/usr/share/texlive/texmf-dist/tex/latex/amscls/amsthm.sty
Package: amsthm 2020/05/29 v2.20.6
\thm@style=\toks40
\thm@bodyfont=\toks41
\thm@headfont=\toks42
\thm@notefont=\toks43
\thm@headpunct=\toks44
\thm@preskip=\skip55
\thm@postskip=\skip56
\thm@headsep=\skip57
\dth@everypar=\toks45
)
\c@thm=\count311
\c@prop=\count312
\c@obs=\count313
\c@defin=\count314
 (/usr/share/texlive/texmf-dist/tex/latex/tools/multicol.sty
Package: multicol 2021/10/28 v1.9b multicolumn formatting (FMi)
\c@tracingmulticols=\count315
\mult@box=\box65
\multicol@leftmargin=\dimen280
\c@unbalance=\count316
\c@collectmore=\count317
\doublecol@number=\count318
\multicoltolerance=\count319
\multicolpretolerance=\count320
\full@width=\dimen281
\page@free=\dimen282
\premulticols=\dimen283
\postmulticols=\dimen284
\multicolsep=\skip58
\multicolbaselineskip=\skip59
\partial@page=\box66
\last@line=\box67
\maxbalancingoverflow=\dimen285
\mult@rightbox=\box68
\mult@grightbox=\box69
\mult@firstbox=\box70
\mult@gfirstbox=\box71
\@tempa=\box72
\@tempa=\box73
\@tempa=\box74
\@tempa=\box75
\@tempa=\box76
\@tempa=\box77
\@tempa=\box78
\@tempa=\box79
\@tempa=\box80
\@tempa=\box81
\@tempa=\box82
\@tempa=\box83
\@tempa=\box84
\@tempa=\box85
\@tempa=\box86
\@tempa=\box87
\@tempa=\box88
\@tempa=\box89
\@tempa=\box90
\@tempa=\box91
\@tempa=\box92
\@tempa=\box93
\@tempa=\box94
\@tempa=\box95
\@tempa=\box96
\@tempa=\box97
\@tempa=\box98
\@tempa=\box99
\@tempa=\box100
\@tempa=\box101
\@tempa=\box102
\@tempa=\box103
\@tempa=\box104
\@tempa=\box105
\@tempa=\box106
\@tempa=\box107
\c@minrows=\count321
\c@columnbadness=\count322
\c@finalcolumnbadness=\count323
\last@try=\dimen286
\multicolovershoot=\dimen287
\multicolundershoot=\dimen288
\mult@nat@firstbox=\box108
\colbreak@box=\box109
\mc@col@check@num=\count324
) (/usr/share/texlive/texmf-dist/tex/latex/float/float.sty
Package: float 2001/11/08 v1.3d Float enhancements (AL)
\c@float@type=\count325
\float@exts=\toks46
\float@box=\box110
\@float@everytoks=\toks47
\@floatcapt=\box111
) (/usr/share/texlive/texmf-dist/tex/latex/geometry/geometry.sty
Package: geometry 2020/01/02 v5.9 Page Geometry
 (/usr/share/texlive/texmf-dist/tex/generic/iftex/ifvtex.sty
Package: ifvtex 2019/10/25 v1.7 ifvtex legacy package. Use iftex instead.
)
\Gm@cnth=\count326
\Gm@cntv=\count327
\c@Gm@tempcnt=\count328
\Gm@bindingoffset=\dimen289
\Gm@wd@mp=\dimen290
\Gm@odd@mp=\dimen291
\Gm@even@mp=\dimen292
\Gm@layoutwidth=\dimen293
\Gm@layoutheight=\dimen294
\Gm@layouthoffset=\dimen295
\Gm@layoutvoffset=\dimen296
\Gm@dimlist=\toks48
) (/usr/share/texlive/texmf-dist/tex/latex/fancyhdr/fancyhdr.sty
Package: fancyhdr 2021/01/28 v4.0.1 Extensive control of page headers and footers
\f@nch@headwidth=\skip60
\f@nch@O@elh=\skip61
\f@nch@O@erh=\skip62
\f@nch@O@olh=\skip63
\f@nch@O@orh=\skip64
\f@nch@O@elf=\skip65
\f@nch@O@erf=\skip66
\f@nch@O@olf=\skip67
\f@nch@O@orf=\skip68
) (/usr/share/texlive/texmf-dist/tex/latex/booktabs/booktabs.sty
Package: booktabs 2020/01/12 v1.61803398 Publication quality tables
\heavyrulewidth=\dimen297
\lightrulewidth=\dimen298
\cmidrulewidth=\dimen299
\belowrulesep=\dimen300
\belowbottomsep=\dimen301
\aboverulesep=\dimen302
\abovetopsep=\dimen303
\cmidrulesep=\dimen304
\cmidrulekern=\dimen305
\defaultaddspace=\dimen306
\@cmidla=\count329
\@cmidlb=\count330
\@aboverulesep=\dimen307
\@belowrulesep=\dimen308
\@thisruleclass=\count331
\@lastruleclass=\count332
\@thisrulewidth=\dimen309
) (/usr/share/texlive/texmf-dist/tex/latex/multirow/multirow.sty
Package: multirow 2021/03/15 v2.8 Span multiple rows of a table
\multirow@colwidth=\skip69
\multirow@cntb=\count333
\multirow@dima=\skip70
\bigstrutjot=\dimen310
) (/usr/share/texlive/texmf-dist/tex/latex/subfig/subfig.sty
Package: subfig 2005/06/28 ver: 1.3 subfig package
 (/usr/share/texlive/texmf-dist/tex/latex/caption/caption3.sty
Package: caption3 2020/10/21 v2.2e caption3 kernel (AR)
\captionmargin=\dimen311
\captionmargin@=\dimen312
\captionwidth=\dimen313
\caption@tempdima=\dimen314
\caption@indent=\dimen315
\caption@parindent=\dimen316
\caption@hangindent=\dimen317
Package caption Info: Standard document class detected.
)
\c@KVtest=\count334
\sf@farskip=\skip71
\sf@captopadj=\dimen318
\sf@capskip=\skip72
\sf@nearskip=\skip73
\c@subfigure=\count335
\c@subfigure@save=\count336
\c@lofdepth=\count337
\c@subtable=\count338
\c@subtable@save=\count339
\c@lotdepth=\count340
\sf@top=\skip74
\sf@bottom=\skip75
) (/usr/share/texlive/texmf-dist/tex/latex/l3backend/l3backend-pdftex.def
File: l3backend-pdftex.def 2022-01-12 L3 backend support: PDF output (pdfTeX)
\l__color_backend_stack_int=\count341
\l__pdf_internal_box=\box112
) (./Notes.aux (./title.aux) (./Introduction.aux) (./Phase transitions.aux) (./Network.aux) (./Implementation.aux) (./Results.aux) (./Conclusions.aux))
\openout1 = `Notes.aux'.

LaTeX Font Info:    Checking defaults for OML/cmm/m/it on input line 35.
LaTeX Font Info:    ... okay on input line 35.
LaTeX Font Info:    Checking defaults for OMS/cmsy/m/n on input line 35.
LaTeX Font Info:    ... okay on input line 35.
LaTeX Font Info:    Checking defaults for OT1/cmr/m/n on input line 35.
LaTeX Font Info:    ... okay on input line 35.
LaTeX Font Info:    Checking defaults for T1/cmr/m/n on input line 35.
LaTeX Font Info:    ... okay on input line 35.
LaTeX Font Info:    Checking defaults for TS1/cmr/m/n on input line 35.
LaTeX Font Info:    ... okay on input line 35.
LaTeX Font Info:    Checking defaults for OMX/cmex/m/n on input line 35.
LaTeX Font Info:    ... okay on input line 35.
LaTeX Font Info:    Checking defaults for U/cmr/m/n on input line 35.
LaTeX Font Info:    ... okay on input line 35.
LaTeX Font Info:    Checking defaults for PD1/pdf/m/n on input line 35.
LaTeX Font Info:    ... okay on input line 35.
LaTeX Font Info:    Checking defaults for PU/pdf/m/n on input line 35.
LaTeX Font Info:    ... okay on input line 35.
 (/usr/share/texlive/texmf-dist/tex/context/base/mkii/supp-pdf.mkii
[Loading MPS to PDF converter (version 2006.09.02).]
\scratchcounter=\count342
\scratchdimen=\dimen319
\scratchbox=\box113
\nofMPsegments=\count343
\nofMParguments=\count344
\everyMPshowfont=\toks49
\MPscratchCnt=\count345
\MPscratchDim=\dimen320
\MPnumerator=\count346
\makeMPintoPDFobject=\count347
\everyMPtoPDFconversion=\toks50
) (/usr/share/texlive/texmf-dist/tex/latex/epstopdf-pkg/epstopdf-base.sty
Package: epstopdf-base 2020-01-24 v2.11 Base part for package epstopdf
Package epstopdf-base Info: Redefining graphics rule for `.eps' on input line 485.
 (/usr/share/texlive/texmf-dist/tex/latex/latexconfig/epstopdf-sys.cfg
File: epstopdf-sys.cfg 2010/07/13 v1.3 Configuration of (r)epstopdf for TeX Live
))
Package pgfplots notification 'compat/show suggested version=true': you might benefit from \pgfplotsset{compat=1.18} (current compat level: 1.17).

Package hyperref Info: Link coloring OFF on input line 35.
(/usr/share/texlive/texmf-dist/tex/latex/hyperref/nameref.sty
Package: nameref 2021-04-02 v2.47 Cross-referencing by name of section
 (/usr/share/texlive/texmf-dist/tex/latex/refcount/refcount.sty
Package: refcount 2019/12/15 v3.6 Data extraction from label references (HO)
) (/usr/share/texlive/texmf-dist/tex/generic/gettitlestring/gettitlestring.sty
Package: gettitlestring 2019/12/15 v1.6 Cleanup title references (HO)
)
\c@section@level=\count348
)
LaTeX Info: Redefining \ref on input line 35.
LaTeX Info: Redefining \pageref on input line 35.
LaTeX Info: Redefining \nameref on input line 35.
 (./Notes.out) (./Notes.out)
\@outlinefile=\write4
\openout4 = `Notes.out'.


*geometry* driver: auto-detecting
*geometry* detected driver: pdftex
*geometry* verbose mode - [ preamble ] result:
* driver: pdftex
* paper: a4paper
* layout: <same size as paper>
* layoutoffset:(h,v)=(0.0pt,0.0pt)
* modes: 
* h-part:(L,W,R)=(86.72377pt, 424.06033pt, 86.72377pt)
* v-part:(T,H,B)=(86.72377pt, 671.5993pt, 86.72377pt)
* \paperwidth=597.50787pt
* \paperheight=845.04684pt
* \textwidth=424.06033pt
* \textheight=671.5993pt
* \oddsidemargin=14.45378pt
* \evensidemargin=14.45378pt
* \topmargin=-22.54622pt
* \headheight=12.0pt
* \headsep=25.0pt
* \topskip=11.0pt
* \footskip=30.0pt
* \marginparwidth=50.0pt
* \marginparsep=10.0pt
* \columnsep=10.0pt
* \skip\footins=10.0pt plus 4.0pt minus 2.0pt
* \hoffset=0.0pt
* \voffset=0.0pt
* \mag=1000
* \@twocolumnfalse
* \@twosidefalse
* \@mparswitchfalse
* \@reversemarginfalse
* (1in=72.27pt=25.4mm, 1cm=28.453pt)

Package caption Info: Begin \AtBeginDocument code.
Package caption Info: subfig package v1.3 is loaded.
Package caption Info: End \AtBeginDocument code.
\openout2 = `title.aux'.

(./title.tex [1


{/var/lib/texmf/fonts/map/pdftex/updmap/pdftex.map}]) (./Notes.toc
LaTeX Font Info:    Trying to load font information for U+msa on input line 3.
 (/usr/share/texlive/texmf-dist/tex/latex/amsfonts/umsa.fd
File: umsa.fd 2013/01/14 v3.01 AMS symbols A
)
LaTeX Font Info:    Trying to load font information for U+msb on input line 3.
 (/usr/share/texlive/texmf-dist/tex/latex/amsfonts/umsb.fd
File: umsb.fd 2013/01/14 v3.01 AMS symbols B
))
\tf@toc=\write5
\openout5 = `Notes.toc'.



Package fancyhdr Warning: \headheight is too small (12.0pt): 
(fancyhdr)                Make it at least 13.59999pt, for example:
(fancyhdr)                \setlength{\headheight}{13.59999pt}.
(fancyhdr)                You might also make \topmargin smaller to compensate:
(fancyhdr)                \addtolength{\topmargin}{-1.59999pt}.

pdfTeX warning (ext4): destination with the same identifier (name{page.1}) has been already used, duplicate ignored
<to be read again> 
                   \relax 
l.41 \include{Introduction.tex}
                                [1


]
\openout2 = `Introduction.aux'.

 (./Introduction.tex)

Package fancyhdr Warning: \headheight is too small (12.0pt): 
(fancyhdr)                Make it at least 13.59999pt, for example:
(fancyhdr)                \setlength{\headheight}{13.59999pt}.
(fancyhdr)                You might also make \topmargin smaller to compensate:
(fancyhdr)                \addtolength{\topmargin}{-1.59999pt}.

[2

]
\openout2 = `"Phase transitions.aux"'.

 (./Phase transitions.tex

Package fancyhdr Warning: \headheight is too small (12.0pt): 
(fancyhdr)                Make it at least 13.59999pt, for example:
(fancyhdr)                \setlength{\headheight}{13.59999pt}.
(fancyhdr)                You might also make \topmargin smaller to compensate:
(fancyhdr)                \addtolength{\topmargin}{-1.59999pt}.

[3



]

Package fancyhdr Warning: \headheight is too small (12.0pt): 
(fancyhdr)                Make it at least 13.59999pt, for example:
(fancyhdr)                \setlength{\headheight}{13.59999pt}.
(fancyhdr)                You might also make \topmargin smaller to compensate:
(fancyhdr)                \addtolength{\topmargin}{-1.59999pt}.

[4]

LaTeX Warning: `h' float specifier changed to `ht'.


Package fancyhdr Warning: \headheight is too small (12.0pt): 
(fancyhdr)                Make it at least 13.59999pt, for example:
(fancyhdr)                \setlength{\headheight}{13.59999pt}.
(fancyhdr)                You might also make \topmargin smaller to compensate:
(fancyhdr)                \addtolength{\topmargin}{-1.59999pt}.

[5pdfTeX warning (ext4): destination with the same identifier (name{figure.1}) has been already used, duplicate ignored
<argument> ...shipout:D \box_use:N \l_shipout_box 
                                                  \__shipout_drop_firstpage_...
l.126 
      ]
Overfull \hbox (7.82347pt too wide) in paragraph at lines 127--128
[]\OT1/cmr/m/n/10.95 Even though we showed that the sys-tem spon-ta-neously tran-si-tions be-tween a mag-ne-tized
 []


Package fancyhdr Warning: \headheight is too small (12.0pt): 
(fancyhdr)                Make it at least 13.59999pt, for example:
(fancyhdr)                \setlength{\headheight}{13.59999pt}.
(fancyhdr)                You might also make \topmargin smaller to compensate:
(fancyhdr)                \addtolength{\topmargin}{-1.59999pt}.

[6pdfTeX warning (ext4): destination with the same identifier (name{figure.2}) has been already used, duplicate ignored
<argument> ...shipout:D \box_use:N \l_shipout_box 
                                                  \__shipout_drop_firstpage_...
l.140 
      ])

Package fancyhdr Warning: \headheight is too small (12.0pt): 
(fancyhdr)                Make it at least 13.59999pt, for example:
(fancyhdr)                \setlength{\headheight}{13.59999pt}.
(fancyhdr)                You might also make \topmargin smaller to compensate:
(fancyhdr)                \addtolength{\topmargin}{-1.59999pt}.

[7]
\openout2 = `Network.aux'.

 (./Network.tex

Package fancyhdr Warning: \headheight is too small (12.0pt): 
(fancyhdr)                Make it at least 13.59999pt, for example:
(fancyhdr)                \setlength{\headheight}{13.59999pt}.
(fancyhdr)                You might also make \topmargin smaller to compensate:
(fancyhdr)                \addtolength{\topmargin}{-1.59999pt}.

[8



pdfTeX warning (ext4): destination with the same identifier (name{figure.3}) has been already used, duplicate ignored
<argument> ...shipout:D \box_use:N \l_shipout_box 
                                                  \__shipout_drop_firstpage_...
l.42     \end{equation}
                       ])

Package fancyhdr Warning: \headheight is too small (12.0pt): 
(fancyhdr)                Make it at least 13.59999pt, for example:
(fancyhdr)                \setlength{\headheight}{13.59999pt}.
(fancyhdr)                You might also make \topmargin smaller to compensate:
(fancyhdr)                \addtolength{\topmargin}{-1.59999pt}.

[9]
\openout2 = `Implementation.aux'.

 (./Implementation.tex

Package fancyhdr Warning: \headheight is too small (12.0pt): 
(fancyhdr)                Make it at least 13.59999pt, for example:
(fancyhdr)                \setlength{\headheight}{13.59999pt}.
(fancyhdr)                You might also make \topmargin smaller to compensate:
(fancyhdr)                \addtolength{\topmargin}{-1.59999pt}.

[10



]
Overfull \hbox (0.52638pt too wide) in paragraph at lines 27--28
\OT1/cmr/m/n/10.95 suc-ces-sive tem-per-a-tures is small, the "dis-tance" in phase space be-tween the old equi-lib-rium
 []


Overfull \hbox (1.26341pt too wide) in paragraph at lines 37--38
[]\OT1/cmr/m/n/10.95 The \OT1/cmr/bx/n/10.95 mag-ne-ti-za-tion \OT1/cmr/m/n/10.95 could be eval-u-ated av-er-ag-ing the spins of all the atoms, how-ever
 []


Package fancyhdr Warning: \headheight is too small (12.0pt): 
(fancyhdr)                Make it at least 13.59999pt, for example:
(fancyhdr)                \setlength{\headheight}{13.59999pt}.
(fancyhdr)                You might also make \topmargin smaller to compensate:
(fancyhdr)                \addtolength{\topmargin}{-1.59999pt}.

[11]
Overfull \hbox (4.63261pt too wide) in paragraph at lines 64--66
\OT1/cmr/m/n/10.95 These two for-mu-lae give us a sim-ple way to mea-sure the heat ca-pac-ity and the sus-cep-ti-bil-ity,
 []

)

Package fancyhdr Warning: \headheight is too small (12.0pt): 
(fancyhdr)                Make it at least 13.59999pt, for example:
(fancyhdr)                \setlength{\headheight}{13.59999pt}.
(fancyhdr)                You might also make \topmargin smaller to compensate:
(fancyhdr)                \addtolength{\topmargin}{-1.59999pt}.

[12]
\openout2 = `Results.aux'.

 (./Results.tex
<2d_square_thermal.pdf, id=210, 1084.05pt x 722.7pt>
File: 2d_square_thermal.pdf Graphic file (type pdf)
<use 2d_square_thermal.pdf>
Package pdftex.def Info: 2d_square_thermal.pdf  used on input line 9.
(pdftex.def)             Requested size: 424.06033pt x 282.70097pt.
<2d_triangular_thermal.pdf, id=211, 1084.05pt x 706.0779pt>
File: 2d_triangular_thermal.pdf Graphic file (type pdf)
<use 2d_triangular_thermal.pdf>
Package pdftex.def Info: 2d_triangular_thermal.pdf  used on input line 14.
(pdftex.def)             Requested size: 424.06033pt x 276.19885pt.
<2d_hexagonal_thermal.pdf, id=212, 1084.05pt x 722.7pt>
File: 2d_hexagonal_thermal.pdf Graphic file (type pdf)
<use 2d_hexagonal_thermal.pdf>
Package pdftex.def Info: 2d_hexagonal_thermal.pdf  used on input line 19.
(pdftex.def)             Requested size: 424.06033pt x 282.70097pt.


Package fancyhdr Warning: \headheight is too small (12.0pt): 
(fancyhdr)                Make it at least 13.59999pt, for example:
(fancyhdr)                \setlength{\headheight}{13.59999pt}.
(fancyhdr)                You might also make \topmargin smaller to compensate:
(fancyhdr)                \addtolength{\topmargin}{-1.59999pt}.

[13



pdfTeX warning (ext4): destination with the same identifier (name{figure.4}) has been already used, duplicate ignored
<argument> ...shipout:D \box_use:N \l_shipout_box 
                                                  \__shipout_drop_firstpage_...
l.23 
      <./2d_square_thermal.pdf>]

Package fancyhdr Warning: \headheight is too small (12.0pt): 
(fancyhdr)                Make it at least 13.59999pt, for example:
(fancyhdr)                \setlength{\headheight}{13.59999pt}.
(fancyhdr)                You might also make \topmargin smaller to compensate:
(fancyhdr)                \addtolength{\topmargin}{-1.59999pt}.

[14pdfTeX warning (ext4): destination with the same identifier (name{figure.5}) has been already used, duplicate ignored
<argument> ...shipout:D \box_use:N \l_shipout_box 
                                                  \__shipout_drop_firstpage_...
l.46 
     pdfTeX warning (ext4): destination with the same identifier (name{table.1}) has been already used, duplicate ignored
<argument> ...shipout:D \box_use:N \l_shipout_box 
                                                  \__shipout_drop_firstpage_...
l.46 
      <./2d_triangular_thermal.pdf>]

Package fancyhdr Warning: \headheight is too small (12.0pt): 
(fancyhdr)                Make it at least 13.59999pt, for example:
(fancyhdr)                \setlength{\headheight}{13.59999pt}.
(fancyhdr)                You might also make \topmargin smaller to compensate:
(fancyhdr)                \addtolength{\topmargin}{-1.59999pt}.

[15pdfTeX warning (ext4): destination with the same identifier (name{figure.6}) has been already used, duplicate ignored
<argument> ...shipout:D \box_use:N \l_shipout_box 
                                                  \__shipout_drop_firstpage_...
l.48 
      <./2d_hexagonal_thermal.pdf>]
<Network meausres/Square_Network.pdf, id=444, 1084.05pt x 722.7pt>
File: Network meausres/Square_Network.pdf Graphic file (type pdf)
<use Network meausres/Square_Network.pdf>
Package pdftex.def Info: Network meausres/Square_Network.pdf  used on input line 50.
(pdftex.def)             Requested size: 424.06033pt x 282.70097pt.
<Network meausres/Triangular_Network.pdf, id=445, 1084.05pt x 722.7pt>
File: Network meausres/Triangular_Network.pdf Graphic file (type pdf)
<use Network meausres/Triangular_Network.pdf>
Package pdftex.def Info: Network meausres/Triangular_Network.pdf  used on input line 56.
(pdftex.def)             Requested size: 407.10075pt x 271.3978pt.
<Network meausres/Hexagonal_Network.pdf, id=446, 1084.05pt x 722.7pt>
File: Network meausres/Hexagonal_Network.pdf Graphic file (type pdf)
<use Network meausres/Hexagonal_Network.pdf>
Package pdftex.def Info: Network meausres/Hexagonal_Network.pdf  used on input line 62.
(pdftex.def)             Requested size: 407.10075pt x 271.3978pt.
<Network meausres/3D_Network.pdf, id=449, 1084.05pt x 722.7pt>
File: Network meausres/3D_Network.pdf Graphic file (type pdf)
<use Network meausres/3D_Network.pdf>
Package pdftex.def Info: Network meausres/3D_Network.pdf  used on input line 70.
(pdftex.def)             Requested size: 424.06033pt x 282.70097pt.


Package fancyhdr Warning: \headheight is too small (12.0pt): 
(fancyhdr)                Make it at least 13.59999pt, for example:
(fancyhdr)                \setlength{\headheight}{13.59999pt}.
(fancyhdr)                You might also make \topmargin smaller to compensate:
(fancyhdr)                \addtolength{\topmargin}{-1.59999pt}.

[16pdfTeX warning (ext4): destination with the same identifier (name{figure.7}) has been already used, duplicate ignored
<argument> ...shipout:D \box_use:N \l_shipout_box 
                                                  \__shipout_drop_firstpage_...
l.78 
      <./Network meausres/Square_Network.pdf>]

LaTeX Warning: Text page 17 contains only floats.


Package fancyhdr Warning: \headheight is too small (12.0pt): 
(fancyhdr)                Make it at least 13.59999pt, for example:
(fancyhdr)                \setlength{\headheight}{13.59999pt}.
(fancyhdr)                You might also make \topmargin smaller to compensate:
(fancyhdr)                \addtolength{\topmargin}{-1.59999pt}.

[17pdfTeX warning (ext4): destination with the same identifier (name{figure.8}) has been already used, duplicate ignored
<argument> ...shipout:D \box_use:N \l_shipout_box 
                                                  \__shipout_drop_firstpage_...
l.78 
     pdfTeX warning (ext4): destination with the same identifier (name{figure.9}) has been already used, duplicate ignored
<argument> ...shipout:D \box_use:N \l_shipout_box 
                                                  \__shipout_drop_firstpage_...
l.78 
      <./Network meausres/Triangular_Network.pdf> <./Network meausres/Hexagonal_Network.pdf>]
<Broken/Figure_5.pdf, id=659, 1084.05pt x 722.7pt>
File: Broken/Figure_5.pdf Graphic file (type pdf)
<use Broken/Figure_5.pdf>
Package pdftex.def Info: Broken/Figure_5.pdf  used on input line 86.
(pdftex.def)             Requested size: 212.03017pt x 141.35048pt.
<Broken/Square_7.pdf, id=660, 1084.05pt x 722.7pt>
File: Broken/Square_7.pdf Graphic file (type pdf)
<use Broken/Square_7.pdf>
Package pdftex.def Info: Broken/Square_7.pdf  used on input line 87.
(pdftex.def)             Requested size: 212.03017pt x 141.35048pt.

Overfull \hbox (2.43333pt too wide) in paragraph at lines 86--88
[][] [] 
 []

<Broken/Square_10.pdf, id=661, 1084.05pt x 706.0779pt>
File: Broken/Square_10.pdf Graphic file (type pdf)
<use Broken/Square_10.pdf>
Package pdftex.def Info: Broken/Square_10.pdf  used on input line 89.
(pdftex.def)             Requested size: 212.03017pt x 138.09943pt.
<Broken/Square_15.pdf, id=662, 1084.05pt x 722.7pt>
File: Broken/Square_15.pdf Graphic file (type pdf)
<use Broken/Square_15.pdf>
Package pdftex.def Info: Broken/Square_15.pdf  used on input line 90.
(pdftex.def)             Requested size: 212.03017pt x 141.35048pt.

Overfull \hbox (2.43333pt too wide) in paragraph at lines 89--91
[][] [] 
 []

<Broken/Square_20.pdf, id=663, 1084.05pt x 722.7pt>
File: Broken/Square_20.pdf Graphic file (type pdf)
<use Broken/Square_20.pdf>
Package pdftex.def Info: Broken/Square_20.pdf  used on input line 92.
(pdftex.def)             Requested size: 212.03017pt x 141.35048pt.
<Broken/Square_30.pdf, id=664, 1084.05pt x 722.7pt>
File: Broken/Square_30.pdf Graphic file (type pdf)
<use Broken/Square_30.pdf>
Package pdftex.def Info: Broken/Square_30.pdf  used on input line 93.
(pdftex.def)             Requested size: 212.03017pt x 141.35048pt.

Overfull \hbox (2.43333pt too wide) in paragraph at lines 92--94
[][] []
 []


Package fancyhdr Warning: \headheight is too small (12.0pt): 
(fancyhdr)                Make it at least 13.59999pt, for example:
(fancyhdr)                \setlength{\headheight}{13.59999pt}.
(fancyhdr)                You might also make \topmargin smaller to compensate:
(fancyhdr)                \addtolength{\topmargin}{-1.59999pt}.

[18pdfTeX warning (ext4): destination with the same identifier (name{figure.10}) has been already used, duplicate ignored
<argument> ...shipout:D \box_use:N \l_shipout_box 
                                                  \__shipout_drop_firstpage_...
l.97 
      <./Network meausres/3D_Network.pdf>]
<Network meausres/HR.25_Network.pdf, id=736, 1084.05pt x 722.7pt>
File: Network meausres/HR.25_Network.pdf Graphic file (type pdf)
<use Network meausres/HR.25_Network.pdf>
Package pdftex.def Info: Network meausres/HR.25_Network.pdf  used on input line 101.
(pdftex.def)             Requested size: 424.06033pt x 282.70097pt.


Package fancyhdr Warning: \headheight is too small (12.0pt): 
(fancyhdr)                Make it at least 13.59999pt, for example:
(fancyhdr)                \setlength{\headheight}{13.59999pt}.
(fancyhdr)                You might also make \topmargin smaller to compensate:
(fancyhdr)                \addtolength{\topmargin}{-1.59999pt}.

[19pdfTeX warning (ext4): destination with the same identifier (name{figure.11}) has been already used, duplicate ignored
<argument> ...shipout:D \box_use:N \l_shipout_box 
                                                  \__shipout_drop_firstpage_...
l.106 
       <./Broken/Figure_5.pdf> <./Broken/Square_7.pdf> <./Broken/Square_10.pdf> <./Broken/Square_15.pdf> <./Broken/Square_20.pdf> <./Broken/Square_30.pdf>]
<Network meausres/HR.5_Network.pdf, id=1153, 1084.05pt x 722.7pt>
File: Network meausres/HR.5_Network.pdf Graphic file (type pdf)
<use Network meausres/HR.5_Network.pdf>
Package pdftex.def Info: Network meausres/HR.5_Network.pdf  used on input line 109.
(pdftex.def)             Requested size: 424.06033pt x 282.70097pt.
<Network meausres/HR.75_Network.pdf, id=1154, 1084.05pt x 722.7pt>
File: Network meausres/HR.75_Network.pdf Graphic file (type pdf)
<use Network meausres/HR.75_Network.pdf>
Package pdftex.def Info: Network meausres/HR.75_Network.pdf  used on input line 114.
(pdftex.def)             Requested size: 424.06033pt x 282.70097pt.

Overfull \hbox (6.69095pt too wide) in paragraph at lines 107--117
\OT1/cmr/m/n/10.95 mea-sure ther-mo-dy-nam-i-cally. We can ap-pre-ci-ate this shift ob-serv-ing that while tran-si-tion-ing
 []


Package fancyhdr Warning: \headheight is too small (12.0pt): 
(fancyhdr)                Make it at least 13.59999pt, for example:
(fancyhdr)                \setlength{\headheight}{13.59999pt}.
(fancyhdr)                You might also make \topmargin smaller to compensate:
(fancyhdr)                \addtolength{\topmargin}{-1.59999pt}.

[20pdfTeX warning (ext4): destination with the same identifier (name{figure.12}) has been already used, duplicate ignored
<argument> ...shipout:D \box_use:N \l_shipout_box 
                                                  \__shipout_drop_firstpage_...
l.118 
       <./Network meausres/HR.25_Network.pdf>]
Overfull \vbox (15.66101pt too high) has occurred while \output is active []



Package fancyhdr Warning: \headheight is too small (12.0pt): 
(fancyhdr)                Make it at least 13.59999pt, for example:
(fancyhdr)                \setlength{\headheight}{13.59999pt}.
(fancyhdr)                You might also make \topmargin smaller to compensate:
(fancyhdr)                \addtolength{\topmargin}{-1.59999pt}.

[21pdfTeX warning (ext4): destination with the same identifier (name{figure.13}) has been already used, duplicate ignored
<argument> ...shipout:D \box_use:N \l_shipout_box 
                                                  \__shipout_drop_firstpage_...
l.118 
      pdfTeX warning (ext4): destination with the same identifier (name{figure.14}) has been already used, duplicate ignored
<argument> ...shipout:D \box_use:N \l_shipout_box 
                                                  \__shipout_drop_firstpage_...
l.118 
       <./Network meausres/HR.5_Network.pdf> <./Network meausres/HR.75_Network.pdf>]
Overfull \hbox (9.0127pt too wide) in paragraph at lines 124--125
\OT1/cmr/m/n/10.95 down) be-hav-ing in com-pletely dif-fer-ent ways at lower tem-per-a-tures but be-com-ing com-pletely
 []


Overfull \hbox (14.6601pt too wide) in paragraph at lines 124--125
\OT1/cmr/m/n/10.95 higher tem-per-a-tures than the nor-mal ones (just near-est neigh-bors in-ter-ac-tions). Fur-ther-more,
 []

<Network meausres/MNN_Square.pdf, id=1384, 1084.05pt x 722.7pt>
File: Network meausres/MNN_Square.pdf Graphic file (type pdf)
<use Network meausres/MNN_Square.pdf>
Package pdftex.def Info: Network meausres/MNN_Square.pdf  used on input line 128.
(pdftex.def)             Requested size: 424.06033pt x 282.70097pt.
<Network meausres/MNN_Triang.pdf, id=1385, 1084.05pt x 722.7pt>
File: Network meausres/MNN_Triang.pdf Graphic file (type pdf)
<use Network meausres/MNN_Triang.pdf>
Package pdftex.def Info: Network meausres/MNN_Triang.pdf  used on input line 134.
(pdftex.def)             Requested size: 424.06033pt x 282.70097pt.

LaTeX Warning: `!h' float specifier changed to `!ht'.

<Network meausres/MNN_Hexa.pdf, id=1386, 1084.05pt x 722.7pt>
File: Network meausres/MNN_Hexa.pdf Graphic file (type pdf)
<use Network meausres/MNN_Hexa.pdf>
Package pdftex.def Info: Network meausres/MNN_Hexa.pdf  used on input line 140.
(pdftex.def)             Requested size: 424.06033pt x 282.70097pt.

Package fancyhdr Warning: \headheight is too small (12.0pt): 
(fancyhdr)                Make it at least 13.59999pt, for example:
(fancyhdr)                \setlength{\headheight}{13.59999pt}.
(fancyhdr)                You might also make \topmargin smaller to compensate:
(fancyhdr)                \addtolength{\topmargin}{-1.59999pt}.

[22pdfTeX warning (ext4): destination with the same identifier (name{figure.15}) has been already used, duplicate ignored
<argument> ...shipout:D \box_use:N \l_shipout_box 
                                                  \__shipout_drop_firstpage_...
l.144 \newpage
               <./Network meausres/MNN_Square.pdf>]
Overfull \vbox (15.66101pt too high) has occurred while \output is active []



Package fancyhdr Warning: \headheight is too small (12.0pt): 
(fancyhdr)                Make it at least 13.59999pt, for example:
(fancyhdr)                \setlength{\headheight}{13.59999pt}.
(fancyhdr)                You might also make \topmargin smaller to compensate:
(fancyhdr)                \addtolength{\topmargin}{-1.59999pt}.

[23pdfTeX warning (ext4): destination with the same identifier (name{figure.16}) has been already used, duplicate ignored
<argument> ...shipout:D \box_use:N \l_shipout_box 
                                                  \__shipout_drop_firstpage_...
l.144 \newpage
              pdfTeX warning (ext4): destination with the same identifier (name{figure.17}) has been already used, duplicate ignored
<argument> ...shipout:D \box_use:N \l_shipout_box 
                                                  \__shipout_drop_firstpage_...
l.144 \newpage
               <./Network meausres/MNN_Triang.pdf> <./Network meausres/MNN_Hexa.pdf>]
<Network meausres/1-D100.pdf, id=1599, 1084.05pt x 722.7pt>
File: Network meausres/1-D100.pdf Graphic file (type pdf)
<use Network meausres/1-D100.pdf>
Package pdftex.def Info: Network meausres/1-D100.pdf  used on input line 149.
(pdftex.def)             Requested size: 381.6517pt x 254.4375pt.
<Network meausres/Circular100.pdf, id=1600, 1084.05pt x 722.7pt>
File: Network meausres/Circular100.pdf Graphic file (type pdf)
<use Network meausres/Circular100.pdf>
Package pdftex.def Info: Network meausres/Circular100.pdf  used on input line 150.
(pdftex.def)             Requested size: 381.6517pt x 254.4375pt.
)

Package fancyhdr Warning: \headheight is too small (12.0pt): 
(fancyhdr)                Make it at least 13.59999pt, for example:
(fancyhdr)                \setlength{\headheight}{13.59999pt}.
(fancyhdr)                You might also make \topmargin smaller to compensate:
(fancyhdr)                \addtolength{\topmargin}{-1.59999pt}.

[24pdfTeX warning (ext4): destination with the same identifier (name{figure.18}) has been already used, duplicate ignored
<argument> ...shipout:D \box_use:N \l_shipout_box 
                                                  \__shipout_drop_firstpage_...
l.45 \include{Results.tex}
                           <./Network meausres/1-D100.pdf> <./Network meausres/Circular100.pdf>]
\openout2 = `Conclusions.aux'.

 (./Conclusions.tex
Overfull \hbox (0.61769pt too wide) in paragraph at lines 10--11
\OT1/cmr/m/n/10.95 by aligned spins still shows the phase tran-si-tion of the Ising model through the spon-ta-neous
 []

)

Package fancyhdr Warning: \headheight is too small (12.0pt): 
(fancyhdr)                Make it at least 13.59999pt, for example:
(fancyhdr)                \setlength{\headheight}{13.59999pt}.
(fancyhdr)                You might also make \topmargin smaller to compensate:
(fancyhdr)                \addtolength{\topmargin}{-1.59999pt}.

[25



]

Package fancyhdr Warning: \headheight is too small (12.0pt): 
(fancyhdr)                Make it at least 13.59999pt, for example:
(fancyhdr)                \setlength{\headheight}{13.59999pt}.
(fancyhdr)                You might also make \topmargin smaller to compensate:
(fancyhdr)                \addtolength{\topmargin}{-1.59999pt}.

[26


] (./Notes.aux (./title.aux) (./Introduction.aux) (./Phase transitions.aux) (./Network.aux) (./Implementation.aux) (./Results.aux) (./Conclusions.aux))
Package rerunfilecheck Info: File `Notes.out' has not changed.
(rerunfilecheck)             Checksum: 5D09E5745FB1B9B2B7C17DD0C0DE7FB8;3330.
 ) 
Here is how much of TeX's memory you used:
 34118 strings out of 478287
 792444 string characters out of 5849289
 1231768 words of memory out of 5000000
 51640 multiletter control sequences out of 15000+600000
 477845 words of font info for 59 fonts, out of 8000000 for 9000
 1141 hyphenation exceptions out of 8191
 84i,20n,89p,2251b,2190s stack positions out of 5000i,500n,10000p,200000b,80000s
{/usr/share/texmf/fonts/enc/dvips/cm-super/cm-super-ts1.enc}</usr/share/texlive/texmf-dist/fonts/type1/public/amsfonts/cm/cmbx10.pfb></usr/share/texlive/texmf-dist/fonts/type1/public/amsfonts/cm/cmbx12.pfb></usr/share/texlive/texmf-dist/fonts/type1/public/amsfonts/cm/cmex10.pfb></usr/share/texlive/texmf-dist/fonts/type1/public/amsfonts/cmextra/cmex8.pfb></usr/share/texlive/texmf-dist/fonts/type1/public/amsfonts/cm/cmmi10.pfb></usr/share/texlive/texmf-dist/fonts/type1/public/amsfonts/cm/cmmi6.pfb></usr/share/texlive/texmf-dist/fonts/type1/public/amsfonts/cm/cmmi8.pfb></usr/share/texlive/texmf-dist/fonts/type1/public/amsfonts/cm/cmr10.pfb></usr/share/texlive/texmf-dist/fonts/type1/public/amsfonts/cm/cmr17.pfb></usr/share/texlive/texmf-dist/fonts/type1/public/amsfonts/cm/cmr6.pfb></usr/share/texlive/texmf-dist/fonts/type1/public/amsfonts/cm/cmr8.pfb></usr/share/texlive/texmf-dist/fonts/type1/public/amsfonts/cm/cmsl10.pfb></usr/share/texlive/texmf-dist/fonts/type1/public/amsfonts/cm/cmsy10.pfb></usr/share/texlive/texmf-dist/fonts/type1/public/amsfonts/cm/cmsy8.pfb></usr/share/texlive/texmf-dist/fonts/type1/public/amsfonts/cm/cmti10.pfb></usr/share/texlive/texmf-dist/fonts/type1/public/amsfonts/cm/cmtt10.pfb></usr/share/texlive/texmf-dist/fonts/type1/public/amsfonts/symbols/msbm10.pfb></usr/share/texmf/fonts/type1/public/cm-super/sfrm1095.pfb>
Output written on Notes.pdf (27 pages, 1068164 bytes).
PDF statistics:
 1845 PDF objects out of 2073 (max. 8388607)
 446 compressed objects within 5 object streams
 83 named destinations out of 1000 (max. 500000)
 270 words of extra memory for PDF output out of 10000 (max. 10000000)

